-------------------------------------------------------------------------------
Test set: Google search functionality
-------------------------------------------------------------------------------
Tests run: 4, Failures: 0, Errors: 2, Skipped: 0, Time elapsed: 38.827 s <<< FAILURE! - in Google search functionality
Google search functionality.Search functionality result title verification #1  Time elapsed: 6.999 s  <<< ERROR!
io.cucumber.junit.UndefinedStepException: 
The step 'user types apple and clicks enter' and 1 other step(s) are undefined.
You can implement these steps using the snippet(s) below:

@When("user types apple and clicks enter")
public void user_types_apple_and_clicks_enter() {
    // Write code here that turns the phrase above into concrete actions
    throw new io.cucumber.java.PendingException();
}
@Then("user sees apple in the google title")
public void user_sees_apple_in_the_google_title() {
    // Write code here that turns the phrase above into concrete actions
    throw new io.cucumber.java.PendingException();
}


Google search functionality.Search functionality result title verification #3  Time elapsed: 7.312 s  <<< ERROR!
io.cucumber.junit.UndefinedStepException: 
The step 'user types apple and clicks enter' is undefined.
You can implement this step using the snippet(s) below:

@When("user types apple and clicks enter")
public void user_types_apple_and_clicks_enter() {
    // Write code here that turns the phrase above into concrete actions
    throw new io.cucumber.java.PendingException();
}


