-------------------------------------------------------------------------------
Test set: Wikipedia search functionality and verification
-------------------------------------------------------------------------------
Tests run: 7, Failures: 1, Errors: 0, Skipped: 0, Time elapsed: 60.198 s <<< FAILURE! - in Wikipedia search functionality and verification
Wikipedia search functionality and verification.Wikipedia Search Functionality Header Verification #2  Time elapsed: 7.745 s  <<< FAILURE!
java.lang.AssertionError

